2026-04-06 17:15:01 | HTTP Request: GET https://bylfhrnluaxqhkpjhfgt.supabase.co/rest/v1/users?select=%2A&email=eq.admin%40qcims "HTTP/2 200 OK"
2026-04-06 17:15:01 | HTTP Request: GET https://bylfhrnluaxqhkpjhfgt.supabase.co/rest/v1/users?select=%2A&email=eq.staff%40qcims "HTTP/2 406 Not Acceptable"
2026-04-06 17:15:01 | staff@qcims | FAILED LOGIN attempt
2026-04-06 17:15:01 | admin@qcims | FAILED LOGIN attempt
2026-04-06 17:15:12 | HTTP Request: GET https://bylfhrnluaxqhkpjhfgt.supabase.co/rest/v1/users?select=%2A&email=eq.admin%40qcims "HTTP/2 200 OK"
2026-04-06 17:15:12 | admin@qcims | LOGGED IN
2026-04-06 17:15:23 | HTTP Request: GET https://bylfhrnluaxqhkpjhfgt.supabase.co/rest/v1/customer?select=%2A "HTTP/2 200 OK"
2026-04-06 17:15:23 | HTTP Request: GET https://bylfhrnluaxqhkpjhfgt.supabase.co/rest/v1/product?select=%2A "HTTP/2 200 OK"
2026-04-06 17:15:23 | HTTP Request: GET https://bylfhrnluaxqhkpjhfgt.supabase.co/rest/v1/warehouse?select=%2A "HTTP/2 200 OK"
2026-04-06 17:15:23 | HTTP Request: GET https://bylfhrnluaxqhkpjhfgt.supabase.co/rest/v1/supplier?select=%2A "HTTP/2 200 OK"
2026-04-06 17:15:23 | HTTP Request: GET https://bylfhrnluaxqhkpjhfgt.supabase.co/rest/v1/supplier?select=%2A "HTTP/2 200 OK"
2026-04-06 17:15:23 | HTTP Request: GET https://bylfhrnluaxqhkpjhfgt.supabase.co/rest/v1/customer?select=%2A "HTTP/2 200 OK"
2026-04-06 17:15:23 | HTTP Request: GET https://bylfhrnluaxqhkpjhfgt.supabase.co/rest/v1/product?select=%2A "HTTP/2 200 OK"
2026-04-06 17:15:23 | HTTP Request: GET https://bylfhrnluaxqhkpjhfgt.supabase.co/rest/v1/warehouse?select=%2A "HTTP/2 200 OK"
2026-04-06 17:15:27 | HTTP Request: GET https://bylfhrnluaxqhkpjhfgt.supabase.co/rest/v1/users?select=%2A&email=eq.admin%40qcims "HTTP/2 200 OK"
2026-04-06 17:15:28 | admin@qcims | LOGGED IN
2026-04-06 17:15:28 | HTTP Request: GET https://bylfhrnluaxqhkpjhfgt.supabase.co/rest/v1/product?select=%2A "HTTP/2 200 OK"
2026-04-06 17:15:28 | HTTP Request: GET https://bylfhrnluaxqhkpjhfgt.supabase.co/rest/v1/warehouse?select=%2A "HTTP/2 200 OK"
2026-04-06 17:15:28 | HTTP Request: GET https://bylfhrnluaxqhkpjhfgt.supabase.co/rest/v1/customer?select=%2A "HTTP/2 200 OK"
2026-04-06 17:15:28 | HTTP Request: GET https://bylfhrnluaxqhkpjhfgt.supabase.co/rest/v1/Order?select=%2A "HTTP/2 200 OK"
2026-04-06 17:15:28 | HTTP Request: GET https://bylfhrnluaxqhkpjhfgt.supabase.co/rest/v1/inventory?select=%2A "HTTP/2 200 OK"
2026-04-06 17:15:28 | HTTP Request: GET https://bylfhrnluaxqhkpjhfgt.supabase.co/rest/v1/supplier?select=%2A "HTTP/2 200 OK"
2026-04-06 17:15:28 | HTTP Request: GET https://bylfhrnluaxqhkpjhfgt.supabase.co/rest/v1/inventory?select=%2A "HTTP/2 200 OK"
2026-04-06 17:15:28 | HTTP Request: GET https://bylfhrnluaxqhkpjhfgt.supabase.co/rest/v1/Order?select=%2A "HTTP/2 200 OK"
2026-04-06 17:17:01 | HTTP Request: GET https://bylfhrnluaxqhkpjhfgt.supabase.co/rest/v1/product?select=%2A "HTTP/2 200 OK"
2026-04-06 17:17:01 | HTTP Request: GET https://bylfhrnluaxqhkpjhfgt.supabase.co/rest/v1/warehouse?select=%2A "HTTP/2 200 OK"
2026-04-06 17:17:01 | HTTP Request: GET https://bylfhrnluaxqhkpjhfgt.supabase.co/rest/v1/customer?select=%2A "HTTP/2 200 OK"
2026-04-06 17:17:01 | HTTP Request: GET https://bylfhrnluaxqhkpjhfgt.supabase.co/rest/v1/supplier?select=%2A "HTTP/2 200 OK"
2026-04-06 17:17:01 | HTTP Request: GET https://bylfhrnluaxqhkpjhfgt.supabase.co/rest/v1/inventory?select=%2A "HTTP/2 200 OK"
2026-04-06 17:17:01 | HTTP Request: GET https://bylfhrnluaxqhkpjhfgt.supabase.co/rest/v1/Order?select=%2A "HTTP/2 200 OK"
2026-04-06 17:20:28 | HTTP Request: GET https://bylfhrnluaxqhkpjhfgt.supabase.co/rest/v1/users?select=%2A&email=eq.admin%40qcims.com "HTTP/2 406 Not Acceptable"
2026-04-06 17:20:28 | admin@qcims.com | FAILED LOGIN attempt
2026-04-06 17:21:07 | HTTP Request: GET https://bylfhrnluaxqhkpjhfgt.supabase.co/rest/v1/users?select=%2A&email=eq.admin%40qcims.com "HTTP/2 406 Not Acceptable"
2026-04-06 17:21:07 | admin@qcims.com | FAILED LOGIN attempt
2026-04-06 19:31:17 | HTTP Request: GET https://bylfhrnluaxqhkpjhfgt.supabase.co/rest/v1/users?select=%2A&email=eq.staff1%40qcims "HTTP/2 200 OK"
2026-04-06 19:31:17 | staff1@qcims | LOGGED IN
2026-04-06 19:31:22 | HTTP Request: GET https://bylfhrnluaxqhkpjhfgt.supabase.co/rest/v1/users?select=%2A&email=eq.admin%40qcims "HTTP/2 200 OK"
2026-04-06 19:31:23 | admin@qcims | LOGGED IN
2026-04-06 19:31:23 | HTTP Request: GET https://bylfhrnluaxqhkpjhfgt.supabase.co/rest/v1/customer?select=%2A "HTTP/2 200 OK"
2026-04-06 19:31:23 | HTTP Request: GET https://bylfhrnluaxqhkpjhfgt.supabase.co/rest/v1/supplier?select=%2A "HTTP/2 200 OK"
2026-04-06 19:31:23 | HTTP Request: GET https://bylfhrnluaxqhkpjhfgt.supabase.co/rest/v1/product?select=%2A "HTTP/2 200 OK"
2026-04-06 19:31:23 | HTTP Request: GET https://bylfhrnluaxqhkpjhfgt.supabase.co/rest/v1/warehouse?select=%2A "HTTP/2 200 OK"
2026-04-06 19:31:23 | HTTP Request: GET https://bylfhrnluaxqhkpjhfgt.supabase.co/rest/v1/Order?select=%2A "HTTP/2 200 OK"
2026-04-06 19:31:23 | HTTP Request: GET https://bylfhrnluaxqhkpjhfgt.supabase.co/rest/v1/inventory?select=%2A "HTTP/2 200 OK"
2026-04-06 19:31:34 | HTTP Request: GET https://bylfhrnluaxqhkpjhfgt.supabase.co/rest/v1/users?select=%2A&email=eq.staff1%40qcims "HTTP/2 200 OK"
2026-04-06 19:31:34 | staff1@qcims | LOGGED IN
2026-04-06 19:31:34 | HTTP Request: GET https://bylfhrnluaxqhkpjhfgt.supabase.co/rest/v1/supplier?select=%2A "HTTP/2 200 OK"
2026-04-06 19:31:34 | HTTP Request: GET https://bylfhrnluaxqhkpjhfgt.supabase.co/rest/v1/warehouse?select=%2A "HTTP/2 200 OK"
2026-04-06 19:31:34 | HTTP Request: GET https://bylfhrnluaxqhkpjhfgt.supabase.co/rest/v1/inventory?select=%2A "HTTP/2 200 OK"
2026-04-06 19:31:34 | HTTP Request: GET https://bylfhrnluaxqhkpjhfgt.supabase.co/rest/v1/Order?select=%2A "HTTP/2 200 OK"
2026-04-06 19:31:34 | HTTP Request: GET https://bylfhrnluaxqhkpjhfgt.supabase.co/rest/v1/product?select=%2A "HTTP/2 200 OK"
2026-04-06 19:31:34 | HTTP Request: GET https://bylfhrnluaxqhkpjhfgt.supabase.co/rest/v1/customer?select=%2A "HTTP/2 200 OK"
2026-04-06 19:31:34 | HTTP Request: GET https://bylfhrnluaxqhkpjhfgt.supabase.co/rest/v1/inventory?select=%2A "HTTP/2 200 OK"
2026-04-06 19:31:34 | HTTP Request: GET https://bylfhrnluaxqhkpjhfgt.supabase.co/rest/v1/inventory?select=%2A "HTTP/2 200 OK"
2026-04-06 19:31:34 | HTTP Request: GET https://bylfhrnluaxqhkpjhfgt.supabase.co/rest/v1/Order?select=%2A "HTTP/2 200 OK"
2026-04-06 19:32:21 | HTTP Request: GET https://bylfhrnluaxqhkpjhfgt.supabase.co/rest/v1/users?select=%2A&email=eq.staff1%40qcims "HTTP/2 200 OK"
2026-04-06 19:32:21 | HTTP Request: POST https://bylfhrnluaxqhkpjhfgt.supabase.co/rest/v1/Order "HTTP/2 201 Created"
2026-04-06 19:32:21 | staff1@qcims | INSERTED order
2026-04-06 19:32:22 | HTTP Request: GET https://bylfhrnluaxqhkpjhfgt.supabase.co/rest/v1/Order?select=%2A "HTTP/2 200 OK"
2026-04-06 19:32:22 | HTTP Request: GET https://bylfhrnluaxqhkpjhfgt.supabase.co/rest/v1/OrderItem?select=%2A&limit=1 "HTTP/2 404 Not Found"
2026-04-06 19:32:22 | HTTP Request: GET https://bylfhrnluaxqhkpjhfgt.supabase.co/rest/v1/orderitem?select=%2A&limit=1 "HTTP/2 200 OK"
2026-04-06 19:32:22 | HTTP Request: GET https://bylfhrnluaxqhkpjhfgt.supabase.co/rest/v1/orderitem?select=%2A "HTTP/2 200 OK"
2026-04-06 19:36:42 | HTTP Request: GET https://bylfhrnluaxqhkpjhfgt.supabase.co/rest/v1/users?select=%2A&email=eq.admin%40qcims "HTTP/2 200 OK"
2026-04-06 19:36:42 | admin@qcims | LOGGED IN
2026-04-06 19:36:45 | HTTP Request: GET https://bylfhrnluaxqhkpjhfgt.supabase.co/rest/v1/product?select=%2A "HTTP/2 200 OK"
2026-04-06 19:36:45 | HTTP Request: GET https://bylfhrnluaxqhkpjhfgt.supabase.co/rest/v1/warehouse?select=%2A "HTTP/2 200 OK"
2026-04-06 19:36:45 | HTTP Request: GET https://bylfhrnluaxqhkpjhfgt.supabase.co/rest/v1/product?select=%2A "HTTP/2 200 OK"
2026-04-06 19:36:45 | HTTP Request: GET https://bylfhrnluaxqhkpjhfgt.supabase.co/rest/v1/customer?select=%2A "HTTP/2 200 OK"
2026-04-06 19:36:45 | HTTP Request: GET https://bylfhrnluaxqhkpjhfgt.supabase.co/rest/v1/supplier?select=%2A "HTTP/2 200 OK"
2026-04-06 19:36:45 | HTTP Request: GET https://bylfhrnluaxqhkpjhfgt.supabase.co/rest/v1/warehouse?select=%2A "HTTP/2 200 OK"
2026-04-06 19:36:45 | HTTP Request: GET https://bylfhrnluaxqhkpjhfgt.supabase.co/rest/v1/inventory?select=%2A "HTTP/2 200 OK"
2026-04-06 19:36:45 | HTTP Request: GET https://bylfhrnluaxqhkpjhfgt.supabase.co/rest/v1/Order?select=%2A "HTTP/2 200 OK"
2026-04-06 19:36:45 | HTTP Request: GET https://bylfhrnluaxqhkpjhfgt.supabase.co/rest/v1/OrderItem?select=%2A&limit=1 "HTTP/2 404 Not Found"
2026-04-06 19:36:45 | HTTP Request: GET https://bylfhrnluaxqhkpjhfgt.supabase.co/rest/v1/inventory?select=%2A "HTTP/2 200 OK"
2026-04-06 19:36:45 | HTTP Request: GET https://bylfhrnluaxqhkpjhfgt.supabase.co/rest/v1/Order?select=%2A "HTTP/2 200 OK"
2026-04-06 19:36:45 | HTTP Request: GET https://bylfhrnluaxqhkpjhfgt.supabase.co/rest/v1/orderitem?select=%2A&limit=1 "HTTP/2 200 OK"
2026-04-06 19:36:45 | HTTP Request: GET https://bylfhrnluaxqhkpjhfgt.supabase.co/rest/v1/OrderItem?select=%2A&limit=1 "HTTP/2 404 Not Found"
2026-04-06 19:36:45 | HTTP Request: GET https://bylfhrnluaxqhkpjhfgt.supabase.co/rest/v1/orderitem?select=%2A "HTTP/2 200 OK"
2026-04-06 19:36:46 | HTTP Request: GET https://bylfhrnluaxqhkpjhfgt.supabase.co/rest/v1/orderitem?select=%2A&limit=1 "HTTP/2 200 OK"
2026-04-06 19:36:46 | HTTP Request: GET https://bylfhrnluaxqhkpjhfgt.supabase.co/rest/v1/orderitem?select=%2A "HTTP/2 200 OK"
2026-04-06 19:36:46 | HTTP Request: GET https://bylfhrnluaxqhkpjhfgt.supabase.co/rest/v1/supplier?select=%2A "HTTP/2 200 OK"
2026-04-06 19:36:46 | HTTP Request: GET https://bylfhrnluaxqhkpjhfgt.supabase.co/rest/v1/customer?select=%2A "HTTP/2 200 OK"
2026-04-06 19:36:46 | HTTP Request: GET https://bylfhrnluaxqhkpjhfgt.supabase.co/rest/v1/Order?select=%2A "HTTP/2 200 OK"
2026-04-06 19:36:46 | HTTP Request: GET https://bylfhrnluaxqhkpjhfgt.supabase.co/rest/v1/OrderItem?select=%2A&limit=1 "HTTP/2 404 Not Found"
2026-04-06 19:36:46 | HTTP Request: GET https://bylfhrnluaxqhkpjhfgt.supabase.co/rest/v1/orderitem?select=%2A&limit=1 "HTTP/2 200 OK"
2026-04-06 19:36:46 | HTTP Request: GET https://bylfhrnluaxqhkpjhfgt.supabase.co/rest/v1/orderitem?select=%2A "HTTP/2 200 OK"
[06 Apr 2026  08:20:04 PM]  admin@qcims                    LOGGED IN
